2025-12-10 08:40:30, MOVE, v:1, k:poo@estacionamento, mode:DOWN
2025-12-10 08:40:33, MOVE, v:1, k:poo@estacionamento, mode:PICK
2025-12-10 08:40:35, EXEC, v:1, k:poo@estacionamento, mode:FULL, rate:0, size:0
2025-12-10 08:41:19, MOVE, v:1, k:poo@estacionamento, mode:BACK
2025-12-10 10:46:30, MOVE, v:1, k:poo@estacionamento, mode:PICK
2025-12-10 10:46:31, EXEC, v:1, k:poo@estacionamento, mode:FULL, rate:0, size:11
2025-12-10 10:46:32, MOVE, v:1, k:poo@estacionamento, mode:BACK
2025-12-10 10:46:34, MOVE, v:1, k:poo@estacionamento, mode:PICK
2025-12-10 10:46:38, EXEC, v:1, k:poo@estacionamento, mode:FULL, rate:0
2025-12-10 11:00:07, EXEC, v:1, k:poo@estacionamento, mode:FULL, rate:0, size:26
2025-12-10 11:00:24, EXEC, v:1, k:poo@estacionamento, mode:FULL, rate:0, size:26
2025-12-10 11:00:51, EXEC, v:1, k:poo@estacionamento, mode:FULL, rate:0, size:26
2025-12-10 11:01:06, EXEC, v:1, k:poo@estacionamento, mode:FULL, rate:0, size:26
2025-12-10 11:01:35, EXEC, v:1, k:poo@estacionamento, mode:FULL, rate:0, size:26
2025-12-10 11:02:15, EXEC, v:1, k:poo@estacionamento, mode:FULL, rate:0, size:27
2025-12-10 11:02:40, EXEC, v:1, k:poo@estacionamento, mode:FULL, rate:0, size:27
2025-12-10 11:02:53, EXEC, v:1, k:poo@estacionamento, mode:FULL, rate:0, size:27
2025-12-10 11:06:50, EXEC, v:1, k:poo@estacionamento, mode:FULL, rate:0, size:34
2025-12-10 11:10:49, EXEC, v:1, k:poo@estacionamento, mode:FULL, rate:0, size:45
2025-12-10 11:11:02, EXEC, v:1, k:poo@estacionamento, mode:FULL, rate:0, size:45
2025-12-10 11:11:09, EXEC, v:1, k:poo@estacionamento, mode:FULL, rate:0, size:45
2025-12-10 11:11:13, EXEC, v:1, k:poo@estacionamento, mode:FULL, rate:0, size:45
2025-12-10 11:11:19, EXEC, v:1, k:poo@estacionamento, mode:FULL, rate:0, size:45
